  Source.cpp
C:\Users\Anonym\Desktop\4. semester-20220221T104459Z-001\AUSKOO\KOTRIK_TOMAS_AUD_SEM\UzemnaJednotka.h(27,21): warning C4018: '<': signed/unsigned mismatch
C:\Users\Anonym\Desktop\4. semester-20220221T104459Z-001\AUSKOO\KOTRIK_TOMAS_AUD_SEM\UzemnaJednotka.h(82,21): warning C4018: '<': signed/unsigned mismatch
C:\Users\Anonym\Desktop\4. semester-20220221T104459Z-001\AUSKOO\KOTRIK_TOMAS_AUD_SEM\UzemnaJednotka.h(89,21): warning C4018: '<': signed/unsigned mismatch
C:\Users\Anonym\Desktop\4. semester-20220221T104459Z-001\AUSKOO\KOTRIK_TOMAS_AUD_SEM\UzemnaJednotka.h(100,21): warning C4018: '<': signed/unsigned mismatch
C:\Users\Anonym\Desktop\4. semester-20220221T104459Z-001\AUSKOO\KOTRIK_TOMAS_AUD_SEM\UzemnaJednotka.h(109,21): warning C4018: '<': signed/unsigned mismatch
C:\Users\Anonym\Desktop\4. semester-20220221T104459Z-001\AUSKOO\KOTRIK_TOMAS_AUD_SEM\UzemnaJednotka.h(125,13): warning C4018: '<': signed/unsigned mismatch
C:\Users\Anonym\Desktop\4. semester-20220221T104459Z-001\AUSKOO\KOTRIK_TOMAS_AUD_SEM\UzemnaJednotka.h(134,13): warning C4018: '<': signed/unsigned mismatch
C:\Users\Anonym\Desktop\4. semester-20220221T104459Z-001\AUSKOO\KOTRIK_TOMAS_AUD_SEM\UzemnaJednotka.h(143,13): warning C4018: '<': signed/unsigned mismatch
C:\Users\Anonym\Desktop\4. semester-20220221T104459Z-001\AUSKOO\KOTRIK_TOMAS_AUD_SEM\UzemnaJednotka.h(154,21): warning C4018: '<': signed/unsigned mismatch
C:\Users\Anonym\Desktop\4. semester-20220221T104459Z-001\AUSKOO\KOTRIK_TOMAS_AUD_SEM\UzemnaJednotka.h(167,41): warning C4018: '<': signed/unsigned mismatch
C:\Users\Anonym\Desktop\4. semester-20220221T104459Z-001\AUSKOO\KOTRIK_TOMAS_AUD_SEM\Loader.h(222,21): warning C4018: '<': signed/unsigned mismatch
C:\Users\Anonym\Desktop\4. semester-20220221T104459Z-001\AUSKOO\KOTRIK_TOMAS_AUD_SEM\Loader.h(290,21): warning C4018: '<': signed/unsigned mismatch
C:\Users\Anonym\Desktop\4. semester-20220221T104459Z-001\AUSKOO\KOTRIK_TOMAS_AUD_SEM\Vyhladavanie.h(197,23): warning C4018: '<': signed/unsigned mismatch
C:\Users\Anonym\Desktop\4. semester-20220221T104459Z-001\AUSKOO\KOTRIK_TOMAS_AUD_SEM\Vyhladavanie.h(242,23): warning C4018: '<': signed/unsigned mismatch
C:\Users\Anonym\Desktop\4. semester-20220221T104459Z-001\AUSKOO\KOTRIK_TOMAS_AUD_SEM\Vyhladavanie.h(281,23): warning C4018: '<': signed/unsigned mismatch
C:\Users\Anonym\Desktop\4. semester-20220221T104459Z-001\AUSKOO\KOTRIK_TOMAS_AUD_SEM\Vyhladavanie.h(866,24): warning C4018: '<': signed/unsigned mismatch
C:\Users\Anonym\Desktop\4. semester-20220221T104459Z-001\AUSKOO\KOTRIK_TOMAS_AUD_SEM\Vyhladavanie.h(1169,22): warning C4018: '<': signed/unsigned mismatch
C:\Users\Anonym\Desktop\4. semester-20220221T104459Z-001\AUSKOO\KOTRIK_TOMAS_AUD_SEM\Vyhladavanie.h(1210,22): warning C4018: '<': signed/unsigned mismatch
C:\Users\Anonym\Desktop\4. semester-20220221T104459Z-001\AUSKOO\KOTRIK_TOMAS_AUD_SEM\Kriterium.h(79): warning C4715: 'KriteriumUJPrislusnost::evaluate': not all control paths return a value
  KOTRIK_TOMAS_AUD_SEM.vcxproj -> C:\Users\Anonym\Desktop\4. semester-20220221T104459Z-001\AUSKOO\KOTRIK_TOMAS_AUD_SEM\Debug\KOTRIK_TOMAS_AUD_SEM.exe
